2022-04-22 18:11:25,309:INFO:PyCaret Supervised Module
2022-04-22 18:11:25,309:INFO:ML Usecase: anomaly
2022-04-22 18:11:25,309:INFO:version 2.3.10
2022-04-22 18:11:25,309:INFO:Initializing setup()
2022-04-22 18:11:25,310:INFO:setup(target=None, ml_usecase=anomaly, available_plots={'tsne': 'Anomaly TSnE (3d)', 'umap': 'UMAP Dimensionality'}, train_size=0.7, test_data=None, preprocess=True, imputation_type=simple, iterative_imputation_iters=5, categorical_features=None, categorical_imputation=mode, categorical_iterative_imputer=lightgbm, ordinal_features=None, high_cardinality_features=None, high_cardinality_method=frequency, numeric_features=None, numeric_imputation=mean, numeric_iterative_imputer=lightgbm, date_features=None, ignore_features=None, normalize=False, normalize_method=zscore, transformation=False, transformation_method=yeo-johnson, handle_unknown_categorical=True, unknown_categorical_method=least_frequent, pca=False, pca_method=linear, pca_components=None, ignore_low_variance=False, combine_rare_levels=False, rare_level_threshold=0.1, bin_numeric_features=None, remove_outliers=False, outliers_threshold=0.05, remove_multicollinearity=False, multicollinearity_threshold=0.9, remove_perfect_collinearity=False, create_clusters=False, cluster_iter=20, polynomial_features=False, polynomial_degree=2, trigonometry_features=False, polynomial_threshold=0.1, group_features=None, group_names=None, feature_selection=False, feature_selection_threshold=0.8, feature_selection_method=classic, feature_interaction=False, feature_ratio=False, interaction_threshold=0.01, fix_imbalance=False, fix_imbalance_method=None, transform_target=False, transform_target_method=box-cox, data_split_shuffle=False, data_split_stratify=False, fold_strategy=kfold, fold=10, fold_shuffle=False, fold_groups=None, n_jobs=-1, use_gpu=False, custom_pipeline=None, html=True, session_id=123, log_experiment=False, experiment_name=None, experiment_custom_tags=None, log_plots=False, log_profile=False, log_data=False, silent=False, verbose=True, profile=False, profile_kwargs=None, display=None)
2022-04-22 18:11:25,310:INFO:Checking environment
2022-04-22 18:11:25,310:INFO:python_version: 3.7.10
2022-04-22 18:11:25,310:INFO:python_build: ('default', 'Feb 26 2021 10:16:00')
2022-04-22 18:11:25,310:INFO:machine: x86_64
2022-04-22 18:11:25,333:INFO:platform: Darwin-21.3.0-x86_64-i386-64bit
2022-04-22 18:11:25,336:INFO:Memory: svmem(total=34359738368, available=13873258496, percent=59.6, used=19280986112, free=19533824, active=13855055872, inactive=13710639104, wired=5425930240)
2022-04-22 18:11:25,336:INFO:Physical Core: 4
2022-04-22 18:11:25,336:INFO:Logical Core: 8
2022-04-22 18:11:25,336:INFO:Checking libraries
2022-04-22 18:11:25,337:INFO:pd==1.3.5
2022-04-22 18:11:25,337:INFO:numpy==1.21.5
2022-04-22 18:11:25,337:INFO:sklearn==0.23.2
2022-04-22 18:11:25,338:INFO:lightgbm==3.3.2
2022-04-22 18:11:25,339:WARNING:catboost not found
2022-04-22 18:11:25,339:WARNING:xgboost not found
2022-04-22 18:11:25,339:INFO:mlflow==1.25.1
2022-04-22 18:11:25,339:INFO:Checking Exceptions
2022-04-22 18:11:25,340:INFO:Declaring global variables
2022-04-22 18:11:25,340:INFO:USI: 1a18
2022-04-22 18:11:25,340:INFO:pycaret_globals: {'html_param', 'n_jobs_param', '_all_models', 'fold_shuffle_param', 'log_plots_param', 'fold_param', 'master_model_container', 'fix_imbalance_method_param', '_ml_usecase', 'stratify_param', 'transform_target_method_param', 'dashboard_logger', 'seed', 'create_model_container', 'pycaret_globals', '_all_metrics', 'logging_param', '_gpu_n_jobs_param', 'gpu_param', 'fold_generator', 'fold_groups_param_full', 'fold_groups_param', 'transform_target_param', 'USI', 'target_param', '_available_plots', 'fix_imbalance_param', 'experiment__', '_all_models_internal', 'data_before_preprocess', 'imputation_regressor', 'X', '_internal_pipeline', 'prep_pipe', 'exp_name_log', 'imputation_classifier', 'iterative_imputation_iters_param', 'display_container'}
2022-04-22 18:11:25,340:INFO:Preparing display monitor
2022-04-22 18:11:25,340:INFO:Preparing display monitor
2022-04-22 18:11:25,358:INFO:Importing libraries
2022-04-22 18:11:25,359:INFO:Copying data for preprocessing
2022-04-22 18:11:25,371:INFO:Declaring preprocessing parameters
2022-04-22 18:11:25,376:INFO:Creating preprocessing pipeline
2022-04-22 18:11:25,389:INFO:Preprocessing pipeline created successfully
2022-04-22 18:11:25,390:ERROR:(Process Exit): setup has been interupted with user command 'quit'. setup must rerun.
2022-04-22 18:11:25,390:INFO:Creating global containers
2022-04-22 18:11:25,407:INFO:Internal pipeline: Pipeline(memory=None, steps=[('empty_step', 'passthrough')], verbose=False)
2022-04-22 18:12:33,990:INFO:Creating grid variables
2022-04-22 18:12:34,005:INFO:create_model_container: 0
2022-04-22 18:12:34,005:INFO:master_model_container: 0
2022-04-22 18:12:34,005:INFO:display_container: 1
2022-04-22 18:12:34,012:INFO:Pipeline(memory=None,
         steps=[('dtypes',
                 DataTypes_Auto_infer(categorical_features=[],
                                      display_types=True, features_todrop=[],
                                      id_columns=[], ml_usecase='regression',
                                      numerical_features=[],
                                      target='UNSUPERVISED_DUMMY_TARGET',
                                      time_features=[])),
                ('imputer',
                 Simple_Imputer(categorical_strategy='most frequent',
                                fill_value_categorical=None,
                                fill_value_numerical=None...
                ('scaling', 'passthrough'), ('P_transform', 'passthrough'),
                ('binn', 'passthrough'), ('rem_outliers', 'passthrough'),
                ('cluster_all', 'passthrough'),
                ('dummy', Dummify(target='UNSUPERVISED_DUMMY_TARGET')),
                ('fix_perfect', 'passthrough'),
                ('clean_names', Clean_Colum_Names()),
                ('feature_select', 'passthrough'), ('fix_multi', 'passthrough'),
                ('dfs', 'passthrough'), ('pca', 'passthrough')],
         verbose=False)
2022-04-22 18:12:34,012:INFO:setup() succesfully completed......................................
2022-04-22 18:13:15,494:INFO:Initializing create_model()
2022-04-22 18:13:15,495:INFO:create_model(estimator=iforest, num_clusters=4, fraction=0.1, ground_truth=None, round=4, fit_kwargs=None, verbose=True, system=True, add_to_model_list=True, raise_num_clusters=False, experiment_custom_tags=None, display=None, kwargs={})
2022-04-22 18:13:15,495:INFO:Checking exceptions
2022-04-22 18:13:15,495:INFO:Preparing display monitor
2022-04-22 18:13:15,516:INFO:Importing libraries
2022-04-22 18:13:15,546:INFO:Importing untrained model
2022-04-22 18:13:15,560:INFO:Isolation Forest Imported succesfully
2022-04-22 18:13:15,575:INFO:Fitting Model
2022-04-22 18:13:17,104:INFO:IForest(behaviour='new', bootstrap=False, contamination=0.1, max_features=1.0,
    max_samples='auto', n_estimators=100, n_jobs=-1, random_state=123,
    verbose=0)
2022-04-22 18:13:17,104:INFO:create_models() succesfully completed......................................
2022-04-22 18:13:17,106:INFO:Uploading results into container
2022-04-22 18:13:17,107:INFO:Uploading model into container now
2022-04-22 18:13:17,109:INFO:create_model_container: 1
2022-04-22 18:13:17,109:INFO:master_model_container: 1
2022-04-22 18:13:17,110:INFO:display_container: 2
2022-04-22 18:13:17,110:INFO:IForest(behaviour='new', bootstrap=False, contamination=0.1, max_features=1.0,
    max_samples='auto', n_estimators=100, n_jobs=-1, random_state=123,
    verbose=0)
2022-04-22 18:13:17,111:INFO:create_model() succesfully completed......................................
2022-04-22 18:13:17,206:INFO:Initializing assign_model()
2022-04-22 18:13:17,206:INFO:assign_model(model=IForest(behaviour='new', bootstrap=False, contamination=0.1, max_features=1.0,
    max_samples='auto', n_estimators=100, n_jobs=-1, random_state=123,
    verbose=0), transformation=False, score=True, verbose=True)
2022-04-22 18:13:17,206:INFO:Checking exceptions
2022-04-22 18:13:17,206:INFO:Determining Trained Model
2022-04-22 18:13:17,207:INFO:Trained Model : Isolation Forest
2022-04-22 18:13:17,207:INFO:Copying data
2022-04-22 18:13:17,208:INFO:(61, 11)
2022-04-22 18:13:17,208:INFO:assign_model() succesfully completed......................................
2022-04-22 18:17:33,986:INFO:PyCaret Supervised Module
2022-04-22 18:17:33,986:INFO:ML Usecase: anomaly
2022-04-22 18:17:33,986:INFO:version 2.3.10
2022-04-22 18:17:33,986:INFO:Initializing setup()
2022-04-22 18:17:33,987:INFO:setup(target=None, ml_usecase=anomaly, available_plots={'tsne': 'Anomaly TSnE (3d)', 'umap': 'UMAP Dimensionality'}, train_size=0.7, test_data=None, preprocess=True, imputation_type=simple, iterative_imputation_iters=5, categorical_features=None, categorical_imputation=mode, categorical_iterative_imputer=lightgbm, ordinal_features=None, high_cardinality_features=None, high_cardinality_method=frequency, numeric_features=None, numeric_imputation=mean, numeric_iterative_imputer=lightgbm, date_features=None, ignore_features=None, normalize=False, normalize_method=zscore, transformation=False, transformation_method=yeo-johnson, handle_unknown_categorical=True, unknown_categorical_method=least_frequent, pca=False, pca_method=linear, pca_components=None, ignore_low_variance=False, combine_rare_levels=False, rare_level_threshold=0.1, bin_numeric_features=None, remove_outliers=False, outliers_threshold=0.05, remove_multicollinearity=False, multicollinearity_threshold=0.9, remove_perfect_collinearity=False, create_clusters=False, cluster_iter=20, polynomial_features=False, polynomial_degree=2, trigonometry_features=False, polynomial_threshold=0.1, group_features=None, group_names=None, feature_selection=False, feature_selection_threshold=0.8, feature_selection_method=classic, feature_interaction=False, feature_ratio=False, interaction_threshold=0.01, fix_imbalance=False, fix_imbalance_method=None, transform_target=False, transform_target_method=box-cox, data_split_shuffle=False, data_split_stratify=False, fold_strategy=kfold, fold=10, fold_shuffle=False, fold_groups=None, n_jobs=-1, use_gpu=False, custom_pipeline=None, html=True, session_id=123, log_experiment=False, experiment_name=None, experiment_custom_tags=None, log_plots=False, log_profile=False, log_data=False, silent=False, verbose=True, profile=False, profile_kwargs=None, display=None)
2022-04-22 18:17:33,987:INFO:Checking environment
2022-04-22 18:17:33,987:INFO:python_version: 3.7.10
2022-04-22 18:17:33,987:INFO:python_build: ('default', 'Feb 26 2021 10:16:00')
2022-04-22 18:17:33,988:INFO:machine: x86_64
2022-04-22 18:17:33,988:INFO:platform: Darwin-21.3.0-x86_64-i386-64bit
2022-04-22 18:17:33,988:INFO:Memory: svmem(total=34359738368, available=14206246912, percent=58.7, used=18888323072, free=336719872, active=13861355520, inactive=13720326144, wired=5026967552)
2022-04-22 18:17:33,989:INFO:Physical Core: 4
2022-04-22 18:17:33,989:INFO:Logical Core: 8
2022-04-22 18:17:33,989:INFO:Checking libraries
2022-04-22 18:17:33,989:INFO:pd==1.3.5
2022-04-22 18:17:33,989:INFO:numpy==1.21.5
2022-04-22 18:17:33,989:INFO:sklearn==0.23.2
2022-04-22 18:17:33,989:INFO:lightgbm==3.3.2
2022-04-22 18:17:33,990:WARNING:catboost not found
2022-04-22 18:17:33,990:WARNING:xgboost not found
2022-04-22 18:17:33,991:INFO:mlflow==1.25.1
2022-04-22 18:17:33,991:INFO:Checking Exceptions
2022-04-22 18:17:33,991:INFO:Declaring global variables
2022-04-22 18:17:33,991:INFO:USI: c62b
2022-04-22 18:17:33,991:INFO:pycaret_globals: {'html_param', 'n_jobs_param', '_all_models', 'fold_shuffle_param', 'log_plots_param', 'fold_param', 'master_model_container', 'fix_imbalance_method_param', '_ml_usecase', 'stratify_param', 'transform_target_method_param', 'dashboard_logger', 'seed', 'create_model_container', 'pycaret_globals', '_all_metrics', 'logging_param', '_gpu_n_jobs_param', 'gpu_param', 'fold_generator', 'fold_groups_param_full', 'fold_groups_param', 'transform_target_param', 'USI', 'target_param', '_available_plots', 'fix_imbalance_param', 'experiment__', '_all_models_internal', 'data_before_preprocess', 'imputation_regressor', 'X', '_internal_pipeline', 'prep_pipe', 'exp_name_log', 'imputation_classifier', 'iterative_imputation_iters_param', 'display_container'}
2022-04-22 18:17:33,991:INFO:Preparing display monitor
2022-04-22 18:17:33,991:INFO:Preparing display monitor
2022-04-22 18:17:34,008:INFO:Importing libraries
2022-04-22 18:17:34,008:INFO:Copying data for preprocessing
2022-04-22 18:17:34,028:INFO:Declaring preprocessing parameters
2022-04-22 18:17:34,031:INFO:Creating preprocessing pipeline
2022-04-22 18:17:34,037:INFO:Preprocessing pipeline created successfully
2022-04-22 18:17:34,037:ERROR:(Process Exit): setup has been interupted with user command 'quit'. setup must rerun.
2022-04-22 18:17:34,037:INFO:Creating global containers
2022-04-22 18:17:34,038:INFO:Internal pipeline: Pipeline(memory=None, steps=[('empty_step', 'passthrough')], verbose=False)
2022-04-22 18:17:35,592:INFO:Creating grid variables
2022-04-22 18:17:35,604:INFO:create_model_container: 0
2022-04-22 18:17:35,605:INFO:master_model_container: 0
2022-04-22 18:17:35,605:INFO:display_container: 1
2022-04-22 18:17:35,611:INFO:Pipeline(memory=None,
         steps=[('dtypes',
                 DataTypes_Auto_infer(categorical_features=[],
                                      display_types=True, features_todrop=[],
                                      id_columns=[], ml_usecase='regression',
                                      numerical_features=[],
                                      target='UNSUPERVISED_DUMMY_TARGET',
                                      time_features=[])),
                ('imputer',
                 Simple_Imputer(categorical_strategy='most frequent',
                                fill_value_categorical=None,
                                fill_value_numerical=None...
                ('scaling', 'passthrough'), ('P_transform', 'passthrough'),
                ('binn', 'passthrough'), ('rem_outliers', 'passthrough'),
                ('cluster_all', 'passthrough'),
                ('dummy', Dummify(target='UNSUPERVISED_DUMMY_TARGET')),
                ('fix_perfect', 'passthrough'),
                ('clean_names', Clean_Colum_Names()),
                ('feature_select', 'passthrough'), ('fix_multi', 'passthrough'),
                ('dfs', 'passthrough'), ('pca', 'passthrough')],
         verbose=False)
2022-04-22 18:17:35,611:INFO:setup() succesfully completed......................................
2022-04-22 18:17:43,221:INFO:Initializing create_model()
2022-04-22 18:17:43,222:INFO:create_model(estimator=iforest, num_clusters=4, fraction=0.1, ground_truth=None, round=4, fit_kwargs=None, verbose=True, system=True, add_to_model_list=True, raise_num_clusters=False, experiment_custom_tags=None, display=None, kwargs={})
2022-04-22 18:17:43,222:INFO:Checking exceptions
2022-04-22 18:17:43,222:INFO:Preparing display monitor
2022-04-22 18:17:43,242:INFO:Importing libraries
2022-04-22 18:17:43,250:INFO:Importing untrained model
2022-04-22 18:17:43,264:INFO:Isolation Forest Imported succesfully
2022-04-22 18:17:43,308:INFO:Fitting Model
2022-04-22 18:17:44,894:INFO:IForest(behaviour='new', bootstrap=False, contamination=0.1, max_features=1.0,
    max_samples='auto', n_estimators=100, n_jobs=-1, random_state=123,
    verbose=0)
2022-04-22 18:17:44,894:INFO:create_models() succesfully completed......................................
2022-04-22 18:17:44,895:INFO:Uploading results into container
2022-04-22 18:17:44,895:INFO:Uploading model into container now
2022-04-22 18:17:44,896:INFO:create_model_container: 1
2022-04-22 18:17:44,896:INFO:master_model_container: 1
2022-04-22 18:17:44,896:INFO:display_container: 2
2022-04-22 18:17:44,897:INFO:IForest(behaviour='new', bootstrap=False, contamination=0.1, max_features=1.0,
    max_samples='auto', n_estimators=100, n_jobs=-1, random_state=123,
    verbose=0)
2022-04-22 18:17:44,897:INFO:create_model() succesfully completed......................................
2022-04-22 18:17:45,004:INFO:Initializing assign_model()
2022-04-22 18:17:45,004:INFO:assign_model(model=IForest(behaviour='new', bootstrap=False, contamination=0.1, max_features=1.0,
    max_samples='auto', n_estimators=100, n_jobs=-1, random_state=123,
    verbose=0), transformation=False, score=True, verbose=True)
2022-04-22 18:17:45,004:INFO:Checking exceptions
2022-04-22 18:17:45,004:INFO:Determining Trained Model
2022-04-22 18:17:45,005:INFO:Trained Model : Isolation Forest
2022-04-22 18:17:45,005:INFO:Copying data
2022-04-22 18:17:45,006:INFO:(61, 6)
2022-04-22 18:17:45,006:INFO:assign_model() succesfully completed......................................
2022-04-22 18:18:04,418:INFO:Initializing create_model()
2022-04-22 18:18:04,419:INFO:create_model(estimator=iforest, num_clusters=4, fraction=0.5, ground_truth=None, round=4, fit_kwargs=None, verbose=True, system=True, add_to_model_list=True, raise_num_clusters=False, experiment_custom_tags=None, display=None, kwargs={})
2022-04-22 18:18:04,419:INFO:Checking exceptions
2022-04-22 18:18:04,420:INFO:Preparing display monitor
2022-04-22 18:18:04,439:INFO:Importing libraries
2022-04-22 18:18:04,449:INFO:Importing untrained model
2022-04-22 18:18:04,464:INFO:Isolation Forest Imported succesfully
2022-04-22 18:18:04,482:INFO:Fitting Model
2022-04-22 18:18:06,001:INFO:IForest(behaviour='new', bootstrap=False, contamination=0.5, max_features=1.0,
    max_samples='auto', n_estimators=100, n_jobs=-1, random_state=123,
    verbose=0)
2022-04-22 18:18:06,002:INFO:create_models() succesfully completed......................................
2022-04-22 18:18:06,003:INFO:Uploading results into container
2022-04-22 18:18:06,004:INFO:Uploading model into container now
2022-04-22 18:18:06,006:INFO:create_model_container: 2
2022-04-22 18:18:06,006:INFO:master_model_container: 2
2022-04-22 18:18:06,007:INFO:display_container: 3
2022-04-22 18:18:06,008:INFO:IForest(behaviour='new', bootstrap=False, contamination=0.5, max_features=1.0,
    max_samples='auto', n_estimators=100, n_jobs=-1, random_state=123,
    verbose=0)
2022-04-22 18:18:06,008:INFO:create_model() succesfully completed......................................
2022-04-22 18:18:06,099:INFO:Initializing assign_model()
2022-04-22 18:18:06,099:INFO:assign_model(model=IForest(behaviour='new', bootstrap=False, contamination=0.5, max_features=1.0,
    max_samples='auto', n_estimators=100, n_jobs=-1, random_state=123,
    verbose=0), transformation=False, score=True, verbose=True)
2022-04-22 18:18:06,099:INFO:Checking exceptions
2022-04-22 18:18:06,099:INFO:Determining Trained Model
2022-04-22 18:18:06,099:INFO:Trained Model : Isolation Forest
2022-04-22 18:18:06,099:INFO:Copying data
2022-04-22 18:18:06,100:INFO:(61, 6)
2022-04-22 18:18:06,100:INFO:assign_model() succesfully completed......................................
2022-04-22 18:18:13,446:INFO:Initializing create_model()
2022-04-22 18:18:13,447:INFO:create_model(estimator=iforest, num_clusters=4, fraction=0.01, ground_truth=None, round=4, fit_kwargs=None, verbose=True, system=True, add_to_model_list=True, raise_num_clusters=False, experiment_custom_tags=None, display=None, kwargs={})
2022-04-22 18:18:13,447:INFO:Checking exceptions
2022-04-22 18:18:13,448:INFO:Preparing display monitor
2022-04-22 18:18:13,467:INFO:Importing libraries
2022-04-22 18:18:13,479:INFO:Importing untrained model
2022-04-22 18:18:13,493:INFO:Isolation Forest Imported succesfully
2022-04-22 18:18:13,504:INFO:Fitting Model
2022-04-22 18:18:15,080:INFO:IForest(behaviour='new', bootstrap=False, contamination=0.01,
    max_features=1.0, max_samples='auto', n_estimators=100, n_jobs=-1,
    random_state=123, verbose=0)
2022-04-22 18:18:15,080:INFO:create_models() succesfully completed......................................
2022-04-22 18:18:15,082:INFO:Uploading results into container
2022-04-22 18:18:15,083:INFO:Uploading model into container now
2022-04-22 18:18:15,085:INFO:create_model_container: 3
2022-04-22 18:18:15,085:INFO:master_model_container: 3
2022-04-22 18:18:15,085:INFO:display_container: 4
2022-04-22 18:18:15,086:INFO:IForest(behaviour='new', bootstrap=False, contamination=0.01,
    max_features=1.0, max_samples='auto', n_estimators=100, n_jobs=-1,
    random_state=123, verbose=0)
2022-04-22 18:18:15,086:INFO:create_model() succesfully completed......................................
2022-04-22 18:18:15,178:INFO:Initializing assign_model()
2022-04-22 18:18:15,178:INFO:assign_model(model=IForest(behaviour='new', bootstrap=False, contamination=0.01,
    max_features=1.0, max_samples='auto', n_estimators=100, n_jobs=-1,
    random_state=123, verbose=0), transformation=False, score=True, verbose=True)
2022-04-22 18:18:15,178:INFO:Checking exceptions
2022-04-22 18:18:15,179:INFO:Determining Trained Model
2022-04-22 18:18:15,179:INFO:Trained Model : Isolation Forest
2022-04-22 18:18:15,179:INFO:Copying data
2022-04-22 18:18:15,180:INFO:(61, 6)
2022-04-22 18:18:15,180:INFO:assign_model() succesfully completed......................................
2022-04-22 18:19:59,948:INFO:PyCaret Supervised Module
2022-04-22 18:19:59,949:INFO:ML Usecase: anomaly
2022-04-22 18:19:59,949:INFO:version 2.3.10
2022-04-22 18:19:59,949:INFO:Initializing setup()
2022-04-22 18:19:59,949:INFO:setup(target=None, ml_usecase=anomaly, available_plots={'tsne': 'Anomaly TSnE (3d)', 'umap': 'UMAP Dimensionality'}, train_size=0.7, test_data=None, preprocess=True, imputation_type=simple, iterative_imputation_iters=5, categorical_features=None, categorical_imputation=mode, categorical_iterative_imputer=lightgbm, ordinal_features=None, high_cardinality_features=None, high_cardinality_method=frequency, numeric_features=None, numeric_imputation=mean, numeric_iterative_imputer=lightgbm, date_features=None, ignore_features=None, normalize=False, normalize_method=zscore, transformation=False, transformation_method=yeo-johnson, handle_unknown_categorical=True, unknown_categorical_method=least_frequent, pca=False, pca_method=linear, pca_components=None, ignore_low_variance=False, combine_rare_levels=False, rare_level_threshold=0.1, bin_numeric_features=None, remove_outliers=False, outliers_threshold=0.05, remove_multicollinearity=False, multicollinearity_threshold=0.9, remove_perfect_collinearity=False, create_clusters=False, cluster_iter=20, polynomial_features=False, polynomial_degree=2, trigonometry_features=False, polynomial_threshold=0.1, group_features=None, group_names=None, feature_selection=False, feature_selection_threshold=0.8, feature_selection_method=classic, feature_interaction=False, feature_ratio=False, interaction_threshold=0.01, fix_imbalance=False, fix_imbalance_method=None, transform_target=False, transform_target_method=box-cox, data_split_shuffle=False, data_split_stratify=False, fold_strategy=kfold, fold=10, fold_shuffle=False, fold_groups=None, n_jobs=-1, use_gpu=False, custom_pipeline=None, html=True, session_id=123, log_experiment=False, experiment_name=None, experiment_custom_tags=None, log_plots=False, log_profile=False, log_data=False, silent=False, verbose=True, profile=False, profile_kwargs=None, display=None)
2022-04-22 18:19:59,949:INFO:Checking environment
2022-04-22 18:19:59,949:INFO:python_version: 3.7.10
2022-04-22 18:19:59,949:INFO:python_build: ('default', 'Feb 26 2021 10:16:00')
2022-04-22 18:19:59,950:INFO:machine: x86_64
2022-04-22 18:19:59,950:INFO:platform: Darwin-21.3.0-x86_64-i386-64bit
2022-04-22 18:19:59,950:INFO:Memory: svmem(total=34359738368, available=14167777280, percent=58.8, used=18917683200, free=234393600, active=13917851648, inactive=13699821568, wired=4999831552)
2022-04-22 18:19:59,950:INFO:Physical Core: 4
2022-04-22 18:19:59,950:INFO:Logical Core: 8
2022-04-22 18:19:59,950:INFO:Checking libraries
2022-04-22 18:19:59,950:INFO:pd==1.3.5
2022-04-22 18:19:59,950:INFO:numpy==1.21.5
2022-04-22 18:19:59,950:INFO:sklearn==0.23.2
2022-04-22 18:19:59,950:INFO:lightgbm==3.3.2
2022-04-22 18:19:59,951:WARNING:catboost not found
2022-04-22 18:19:59,952:WARNING:xgboost not found
2022-04-22 18:19:59,952:INFO:mlflow==1.25.1
2022-04-22 18:19:59,952:INFO:Checking Exceptions
2022-04-22 18:19:59,952:INFO:Declaring global variables
2022-04-22 18:19:59,952:INFO:USI: 6504
2022-04-22 18:19:59,952:INFO:pycaret_globals: {'html_param', 'n_jobs_param', '_all_models', 'fold_shuffle_param', 'log_plots_param', 'fold_param', 'master_model_container', 'fix_imbalance_method_param', '_ml_usecase', 'stratify_param', 'transform_target_method_param', 'dashboard_logger', 'seed', 'create_model_container', 'pycaret_globals', '_all_metrics', 'logging_param', '_gpu_n_jobs_param', 'gpu_param', 'fold_generator', 'fold_groups_param_full', 'fold_groups_param', 'transform_target_param', 'USI', 'target_param', '_available_plots', 'fix_imbalance_param', 'experiment__', '_all_models_internal', 'data_before_preprocess', 'imputation_regressor', 'X', '_internal_pipeline', 'prep_pipe', 'exp_name_log', 'imputation_classifier', 'iterative_imputation_iters_param', 'display_container'}
2022-04-22 18:19:59,952:INFO:Preparing display monitor
2022-04-22 18:19:59,952:INFO:Preparing display monitor
2022-04-22 18:19:59,965:INFO:Importing libraries
2022-04-22 18:19:59,966:INFO:Copying data for preprocessing
2022-04-22 18:19:59,975:INFO:Declaring preprocessing parameters
2022-04-22 18:19:59,978:INFO:Creating preprocessing pipeline
2022-04-22 18:19:59,981:INFO:Preprocessing pipeline created successfully
2022-04-22 18:19:59,981:ERROR:(Process Exit): setup has been interupted with user command 'quit'. setup must rerun.
2022-04-22 18:19:59,981:INFO:Creating global containers
2022-04-22 18:19:59,981:INFO:Internal pipeline: Pipeline(memory=None, steps=[('empty_step', 'passthrough')], verbose=False)
2022-04-22 18:20:00,556:INFO:Creating grid variables
2022-04-22 18:20:00,568:INFO:create_model_container: 0
2022-04-22 18:20:00,568:INFO:master_model_container: 0
2022-04-22 18:20:00,568:INFO:display_container: 1
2022-04-22 18:20:00,576:INFO:Pipeline(memory=None,
         steps=[('dtypes',
                 DataTypes_Auto_infer(categorical_features=[],
                                      display_types=True, features_todrop=[],
                                      id_columns=[], ml_usecase='regression',
                                      numerical_features=[],
                                      target='UNSUPERVISED_DUMMY_TARGET',
                                      time_features=[])),
                ('imputer',
                 Simple_Imputer(categorical_strategy='most frequent',
                                fill_value_categorical=None,
                                fill_value_numerical=None...
                ('scaling', 'passthrough'), ('P_transform', 'passthrough'),
                ('binn', 'passthrough'), ('rem_outliers', 'passthrough'),
                ('cluster_all', 'passthrough'),
                ('dummy', Dummify(target='UNSUPERVISED_DUMMY_TARGET')),
                ('fix_perfect', 'passthrough'),
                ('clean_names', Clean_Colum_Names()),
                ('feature_select', 'passthrough'), ('fix_multi', 'passthrough'),
                ('dfs', 'passthrough'), ('pca', 'passthrough')],
         verbose=False)
2022-04-22 18:20:00,577:INFO:setup() succesfully completed......................................
2022-04-22 18:20:00,952:INFO:Initializing create_model()
2022-04-22 18:20:00,952:INFO:create_model(estimator=iforest, num_clusters=4, fraction=0.01, ground_truth=None, round=4, fit_kwargs=None, verbose=True, system=True, add_to_model_list=True, raise_num_clusters=False, experiment_custom_tags=None, display=None, kwargs={})
2022-04-22 18:20:00,952:INFO:Checking exceptions
2022-04-22 18:20:00,952:INFO:Preparing display monitor
2022-04-22 18:20:00,969:INFO:Importing libraries
2022-04-22 18:20:00,981:INFO:Importing untrained model
2022-04-22 18:20:00,992:INFO:Isolation Forest Imported succesfully
2022-04-22 18:20:01,005:INFO:Fitting Model
2022-04-22 18:20:02,572:INFO:IForest(behaviour='new', bootstrap=False, contamination=0.01,
    max_features=1.0, max_samples='auto', n_estimators=100, n_jobs=-1,
    random_state=123, verbose=0)
2022-04-22 18:20:02,573:INFO:create_models() succesfully completed......................................
2022-04-22 18:20:02,574:INFO:Uploading results into container
2022-04-22 18:20:02,575:INFO:Uploading model into container now
2022-04-22 18:20:02,577:INFO:create_model_container: 1
2022-04-22 18:20:02,577:INFO:master_model_container: 1
2022-04-22 18:20:02,578:INFO:display_container: 2
2022-04-22 18:20:02,578:INFO:IForest(behaviour='new', bootstrap=False, contamination=0.01,
    max_features=1.0, max_samples='auto', n_estimators=100, n_jobs=-1,
    random_state=123, verbose=0)
2022-04-22 18:20:02,579:INFO:create_model() succesfully completed......................................
2022-04-22 18:20:02,671:INFO:Initializing assign_model()
2022-04-22 18:20:02,671:INFO:assign_model(model=IForest(behaviour='new', bootstrap=False, contamination=0.01,
    max_features=1.0, max_samples='auto', n_estimators=100, n_jobs=-1,
    random_state=123, verbose=0), transformation=False, score=True, verbose=True)
2022-04-22 18:20:02,671:INFO:Checking exceptions
2022-04-22 18:20:02,671:INFO:Determining Trained Model
2022-04-22 18:20:02,672:INFO:Trained Model : Isolation Forest
2022-04-22 18:20:02,672:INFO:Copying data
2022-04-22 18:20:02,672:INFO:(261, 6)
2022-04-22 18:20:02,673:INFO:assign_model() succesfully completed......................................
2022-04-22 18:24:42,975:INFO:PyCaret Supervised Module
2022-04-22 18:24:42,975:INFO:ML Usecase: anomaly
2022-04-22 18:24:42,975:INFO:version 2.3.10
2022-04-22 18:24:42,975:INFO:Initializing setup()
2022-04-22 18:24:42,975:INFO:setup(target=None, ml_usecase=anomaly, available_plots={'tsne': 'Anomaly TSnE (3d)', 'umap': 'UMAP Dimensionality'}, train_size=0.7, test_data=None, preprocess=True, imputation_type=simple, iterative_imputation_iters=5, categorical_features=None, categorical_imputation=mode, categorical_iterative_imputer=lightgbm, ordinal_features=None, high_cardinality_features=None, high_cardinality_method=frequency, numeric_features=None, numeric_imputation=mean, numeric_iterative_imputer=lightgbm, date_features=None, ignore_features=None, normalize=False, normalize_method=zscore, transformation=False, transformation_method=yeo-johnson, handle_unknown_categorical=True, unknown_categorical_method=least_frequent, pca=False, pca_method=linear, pca_components=None, ignore_low_variance=False, combine_rare_levels=False, rare_level_threshold=0.1, bin_numeric_features=None, remove_outliers=False, outliers_threshold=0.05, remove_multicollinearity=False, multicollinearity_threshold=0.9, remove_perfect_collinearity=False, create_clusters=False, cluster_iter=20, polynomial_features=False, polynomial_degree=2, trigonometry_features=False, polynomial_threshold=0.1, group_features=None, group_names=None, feature_selection=False, feature_selection_threshold=0.8, feature_selection_method=classic, feature_interaction=False, feature_ratio=False, interaction_threshold=0.01, fix_imbalance=False, fix_imbalance_method=None, transform_target=False, transform_target_method=box-cox, data_split_shuffle=False, data_split_stratify=False, fold_strategy=kfold, fold=10, fold_shuffle=False, fold_groups=None, n_jobs=-1, use_gpu=False, custom_pipeline=None, html=True, session_id=123, log_experiment=False, experiment_name=None, experiment_custom_tags=None, log_plots=False, log_profile=False, log_data=False, silent=False, verbose=True, profile=False, profile_kwargs=None, display=None)
2022-04-22 18:24:42,975:INFO:Checking environment
2022-04-22 18:24:42,975:INFO:python_version: 3.7.10
2022-04-22 18:24:42,975:INFO:python_build: ('default', 'Feb 26 2021 10:16:00')
2022-04-22 18:24:42,975:INFO:machine: x86_64
2022-04-22 18:24:42,976:INFO:platform: Darwin-21.3.0-x86_64-i386-64bit
2022-04-22 18:24:42,976:INFO:Memory: svmem(total=34359738368, available=14194065408, percent=58.7, used=18884284416, free=302972928, active=13894103040, inactive=13721194496, wired=4990181376)
2022-04-22 18:24:42,976:INFO:Physical Core: 4
2022-04-22 18:24:42,976:INFO:Logical Core: 8
2022-04-22 18:24:42,976:INFO:Checking libraries
2022-04-22 18:24:42,976:INFO:pd==1.3.5
2022-04-22 18:24:42,976:INFO:numpy==1.21.5
2022-04-22 18:24:42,976:INFO:sklearn==0.23.2
2022-04-22 18:24:42,976:INFO:lightgbm==3.3.2
2022-04-22 18:24:42,976:WARNING:catboost not found
2022-04-22 18:24:42,977:WARNING:xgboost not found
2022-04-22 18:24:42,977:INFO:mlflow==1.25.1
2022-04-22 18:24:42,977:INFO:Checking Exceptions
2022-04-22 18:24:42,977:INFO:Declaring global variables
2022-04-22 18:24:42,977:INFO:USI: 8d0a
2022-04-22 18:24:42,977:INFO:pycaret_globals: {'html_param', 'n_jobs_param', '_all_models', 'fold_shuffle_param', 'log_plots_param', 'fold_param', 'master_model_container', 'fix_imbalance_method_param', '_ml_usecase', 'stratify_param', 'transform_target_method_param', 'dashboard_logger', 'seed', 'create_model_container', 'pycaret_globals', '_all_metrics', 'logging_param', '_gpu_n_jobs_param', 'gpu_param', 'fold_generator', 'fold_groups_param_full', 'fold_groups_param', 'transform_target_param', 'USI', 'target_param', '_available_plots', 'fix_imbalance_param', 'experiment__', '_all_models_internal', 'data_before_preprocess', 'imputation_regressor', 'X', '_internal_pipeline', 'prep_pipe', 'exp_name_log', 'imputation_classifier', 'iterative_imputation_iters_param', 'display_container'}
2022-04-22 18:24:42,978:INFO:Preparing display monitor
2022-04-22 18:24:42,978:INFO:Preparing display monitor
2022-04-22 18:24:42,995:INFO:Importing libraries
2022-04-22 18:24:42,995:INFO:Copying data for preprocessing
2022-04-22 18:24:43,004:INFO:Declaring preprocessing parameters
2022-04-22 18:24:43,007:INFO:Creating preprocessing pipeline
2022-04-22 18:24:43,011:INFO:Preprocessing pipeline created successfully
2022-04-22 18:24:43,011:ERROR:(Process Exit): setup has been interupted with user command 'quit'. setup must rerun.
2022-04-22 18:24:43,011:INFO:Creating global containers
2022-04-22 18:24:43,011:INFO:Internal pipeline: Pipeline(memory=None, steps=[('empty_step', 'passthrough')], verbose=False)
2022-04-22 18:24:44,294:INFO:Creating grid variables
2022-04-22 18:24:44,306:INFO:create_model_container: 0
2022-04-22 18:24:44,306:INFO:master_model_container: 0
2022-04-22 18:24:44,307:INFO:display_container: 1
2022-04-22 18:24:44,311:INFO:Pipeline(memory=None,
         steps=[('dtypes',
                 DataTypes_Auto_infer(categorical_features=[],
                                      display_types=True, features_todrop=[],
                                      id_columns=[], ml_usecase='regression',
                                      numerical_features=[],
                                      target='UNSUPERVISED_DUMMY_TARGET',
                                      time_features=[])),
                ('imputer',
                 Simple_Imputer(categorical_strategy='most frequent',
                                fill_value_categorical=None,
                                fill_value_numerical=None...
                ('scaling', 'passthrough'), ('P_transform', 'passthrough'),
                ('binn', 'passthrough'), ('rem_outliers', 'passthrough'),
                ('cluster_all', 'passthrough'),
                ('dummy', Dummify(target='UNSUPERVISED_DUMMY_TARGET')),
                ('fix_perfect', 'passthrough'),
                ('clean_names', Clean_Colum_Names()),
                ('feature_select', 'passthrough'), ('fix_multi', 'passthrough'),
                ('dfs', 'passthrough'), ('pca', 'passthrough')],
         verbose=False)
2022-04-22 18:24:44,312:INFO:setup() succesfully completed......................................
2022-04-22 18:24:44,420:INFO:Initializing create_model()
2022-04-22 18:24:44,420:INFO:create_model(estimator=iforest, num_clusters=4, fraction=0.01, ground_truth=None, round=4, fit_kwargs=None, verbose=True, system=True, add_to_model_list=True, raise_num_clusters=False, experiment_custom_tags=None, display=None, kwargs={})
2022-04-22 18:24:44,420:INFO:Checking exceptions
2022-04-22 18:24:44,421:INFO:Preparing display monitor
2022-04-22 18:24:44,432:INFO:Importing libraries
2022-04-22 18:24:44,442:INFO:Importing untrained model
2022-04-22 18:24:44,451:INFO:Isolation Forest Imported succesfully
2022-04-22 18:24:44,463:INFO:Fitting Model
2022-04-22 18:24:46,039:INFO:IForest(behaviour='new', bootstrap=False, contamination=0.01,
    max_features=1.0, max_samples='auto', n_estimators=100, n_jobs=-1,
    random_state=123, verbose=0)
2022-04-22 18:24:46,039:INFO:create_models() succesfully completed......................................
2022-04-22 18:24:46,041:INFO:Uploading results into container
2022-04-22 18:24:46,042:INFO:Uploading model into container now
2022-04-22 18:24:46,044:INFO:create_model_container: 1
2022-04-22 18:24:46,044:INFO:master_model_container: 1
2022-04-22 18:24:46,044:INFO:display_container: 2
2022-04-22 18:24:46,045:INFO:IForest(behaviour='new', bootstrap=False, contamination=0.01,
    max_features=1.0, max_samples='auto', n_estimators=100, n_jobs=-1,
    random_state=123, verbose=0)
2022-04-22 18:24:46,045:INFO:create_model() succesfully completed......................................
2022-04-22 18:24:46,137:INFO:Initializing assign_model()
2022-04-22 18:24:46,137:INFO:assign_model(model=IForest(behaviour='new', bootstrap=False, contamination=0.01,
    max_features=1.0, max_samples='auto', n_estimators=100, n_jobs=-1,
    random_state=123, verbose=0), transformation=False, score=True, verbose=True)
2022-04-22 18:24:46,138:INFO:Checking exceptions
2022-04-22 18:24:46,138:INFO:Determining Trained Model
2022-04-22 18:24:46,138:INFO:Trained Model : Isolation Forest
2022-04-22 18:24:46,138:INFO:Copying data
2022-04-22 18:24:46,139:INFO:(261, 5)
2022-04-22 18:24:46,140:INFO:assign_model() succesfully completed......................................
2022-04-22 18:26:45,715:INFO:PyCaret Supervised Module
2022-04-22 18:26:45,716:INFO:ML Usecase: anomaly
2022-04-22 18:26:45,716:INFO:version 2.3.10
2022-04-22 18:26:45,716:INFO:Initializing setup()
2022-04-22 18:26:45,716:INFO:setup(target=None, ml_usecase=anomaly, available_plots={'tsne': 'Anomaly TSnE (3d)', 'umap': 'UMAP Dimensionality'}, train_size=0.7, test_data=None, preprocess=True, imputation_type=simple, iterative_imputation_iters=5, categorical_features=None, categorical_imputation=mode, categorical_iterative_imputer=lightgbm, ordinal_features=None, high_cardinality_features=None, high_cardinality_method=frequency, numeric_features=None, numeric_imputation=mean, numeric_iterative_imputer=lightgbm, date_features=None, ignore_features=None, normalize=False, normalize_method=zscore, transformation=False, transformation_method=yeo-johnson, handle_unknown_categorical=True, unknown_categorical_method=least_frequent, pca=False, pca_method=linear, pca_components=None, ignore_low_variance=False, combine_rare_levels=False, rare_level_threshold=0.1, bin_numeric_features=None, remove_outliers=False, outliers_threshold=0.05, remove_multicollinearity=False, multicollinearity_threshold=0.9, remove_perfect_collinearity=False, create_clusters=False, cluster_iter=20, polynomial_features=False, polynomial_degree=2, trigonometry_features=False, polynomial_threshold=0.1, group_features=None, group_names=None, feature_selection=False, feature_selection_threshold=0.8, feature_selection_method=classic, feature_interaction=False, feature_ratio=False, interaction_threshold=0.01, fix_imbalance=False, fix_imbalance_method=None, transform_target=False, transform_target_method=box-cox, data_split_shuffle=False, data_split_stratify=False, fold_strategy=kfold, fold=10, fold_shuffle=False, fold_groups=None, n_jobs=-1, use_gpu=False, custom_pipeline=None, html=True, session_id=123, log_experiment=False, experiment_name=None, experiment_custom_tags=None, log_plots=False, log_profile=False, log_data=False, silent=False, verbose=True, profile=False, profile_kwargs=None, display=None)
2022-04-22 18:26:45,717:INFO:Checking environment
2022-04-22 18:26:45,717:INFO:python_version: 3.7.10
2022-04-22 18:26:45,717:INFO:python_build: ('default', 'Feb 26 2021 10:16:00')
2022-04-22 18:26:45,717:INFO:machine: x86_64
2022-04-22 18:26:45,717:INFO:platform: Darwin-21.3.0-x86_64-i386-64bit
2022-04-22 18:26:45,718:INFO:Memory: svmem(total=34359738368, available=13963841536, percent=59.4, used=19092312064, free=188059648, active=13770543104, inactive=13597638656, wired=5321768960)
2022-04-22 18:26:45,718:INFO:Physical Core: 4
2022-04-22 18:26:45,718:INFO:Logical Core: 8
2022-04-22 18:26:45,718:INFO:Checking libraries
2022-04-22 18:26:45,718:INFO:pd==1.3.5
2022-04-22 18:26:45,718:INFO:numpy==1.21.5
2022-04-22 18:26:45,718:INFO:sklearn==0.23.2
2022-04-22 18:26:45,718:INFO:lightgbm==3.3.2
2022-04-22 18:26:45,719:WARNING:catboost not found
2022-04-22 18:26:45,720:WARNING:xgboost not found
2022-04-22 18:26:45,720:INFO:mlflow==1.25.1
2022-04-22 18:26:45,720:INFO:Checking Exceptions
2022-04-22 18:26:45,720:INFO:Declaring global variables
2022-04-22 18:26:45,720:INFO:USI: b739
2022-04-22 18:26:45,720:INFO:pycaret_globals: {'html_param', 'n_jobs_param', '_all_models', 'fold_shuffle_param', 'log_plots_param', 'fold_param', 'master_model_container', 'fix_imbalance_method_param', '_ml_usecase', 'stratify_param', 'transform_target_method_param', 'dashboard_logger', 'seed', 'create_model_container', 'pycaret_globals', '_all_metrics', 'logging_param', '_gpu_n_jobs_param', 'gpu_param', 'fold_generator', 'fold_groups_param_full', 'fold_groups_param', 'transform_target_param', 'USI', 'target_param', '_available_plots', 'fix_imbalance_param', 'experiment__', '_all_models_internal', 'data_before_preprocess', 'imputation_regressor', 'X', '_internal_pipeline', 'prep_pipe', 'exp_name_log', 'imputation_classifier', 'iterative_imputation_iters_param', 'display_container'}
2022-04-22 18:26:45,720:INFO:Preparing display monitor
2022-04-22 18:26:45,720:INFO:Preparing display monitor
2022-04-22 18:26:45,735:INFO:Importing libraries
2022-04-22 18:26:45,736:INFO:Copying data for preprocessing
2022-04-22 18:26:45,745:INFO:Declaring preprocessing parameters
2022-04-22 18:26:45,748:INFO:Creating preprocessing pipeline
2022-04-22 18:26:45,755:INFO:Preprocessing pipeline created successfully
2022-04-22 18:26:45,755:ERROR:(Process Exit): setup has been interupted with user command 'quit'. setup must rerun.
2022-04-22 18:26:45,755:INFO:Creating global containers
2022-04-22 18:26:45,755:INFO:Internal pipeline: Pipeline(memory=None, steps=[('empty_step', 'passthrough')], verbose=False)
2022-04-22 18:26:48,692:INFO:Creating grid variables
2022-04-22 18:26:48,702:INFO:create_model_container: 0
2022-04-22 18:26:48,702:INFO:master_model_container: 0
2022-04-22 18:26:48,703:INFO:display_container: 1
2022-04-22 18:26:48,707:INFO:Pipeline(memory=None,
         steps=[('dtypes',
                 DataTypes_Auto_infer(categorical_features=[],
                                      display_types=True, features_todrop=[],
                                      id_columns=[], ml_usecase='regression',
                                      numerical_features=[],
                                      target='UNSUPERVISED_DUMMY_TARGET',
                                      time_features=[])),
                ('imputer',
                 Simple_Imputer(categorical_strategy='most frequent',
                                fill_value_categorical=None,
                                fill_value_numerical=None...
                ('scaling', 'passthrough'), ('P_transform', 'passthrough'),
                ('binn', 'passthrough'), ('rem_outliers', 'passthrough'),
                ('cluster_all', 'passthrough'),
                ('dummy', Dummify(target='UNSUPERVISED_DUMMY_TARGET')),
                ('fix_perfect', 'passthrough'),
                ('clean_names', Clean_Colum_Names()),
                ('feature_select', 'passthrough'), ('fix_multi', 'passthrough'),
                ('dfs', 'passthrough'), ('pca', 'passthrough')],
         verbose=False)
2022-04-22 18:26:48,707:INFO:setup() succesfully completed......................................
2022-04-22 18:26:48,800:INFO:Initializing create_model()
2022-04-22 18:26:48,800:INFO:create_model(estimator=iforest, num_clusters=4, fraction=0.01, ground_truth=None, round=4, fit_kwargs=None, verbose=True, system=True, add_to_model_list=True, raise_num_clusters=False, experiment_custom_tags=None, display=None, kwargs={})
2022-04-22 18:26:48,800:INFO:Checking exceptions
2022-04-22 18:26:48,800:INFO:Preparing display monitor
2022-04-22 18:26:48,812:INFO:Importing libraries
2022-04-22 18:26:48,822:INFO:Importing untrained model
2022-04-22 18:26:48,832:INFO:Isolation Forest Imported succesfully
2022-04-22 18:26:48,844:INFO:Fitting Model
2022-04-22 18:26:50,398:INFO:IForest(behaviour='new', bootstrap=False, contamination=0.01,
    max_features=1.0, max_samples='auto', n_estimators=100, n_jobs=-1,
    random_state=123, verbose=0)
2022-04-22 18:26:50,398:INFO:create_models() succesfully completed......................................
2022-04-22 18:26:50,399:INFO:Uploading results into container
2022-04-22 18:26:50,400:INFO:Uploading model into container now
2022-04-22 18:26:50,401:INFO:create_model_container: 1
2022-04-22 18:26:50,401:INFO:master_model_container: 1
2022-04-22 18:26:50,401:INFO:display_container: 2
2022-04-22 18:26:50,401:INFO:IForest(behaviour='new', bootstrap=False, contamination=0.01,
    max_features=1.0, max_samples='auto', n_estimators=100, n_jobs=-1,
    random_state=123, verbose=0)
2022-04-22 18:26:50,402:INFO:create_model() succesfully completed......................................
2022-04-22 18:26:50,497:INFO:Initializing assign_model()
2022-04-22 18:26:50,497:INFO:assign_model(model=IForest(behaviour='new', bootstrap=False, contamination=0.01,
    max_features=1.0, max_samples='auto', n_estimators=100, n_jobs=-1,
    random_state=123, verbose=0), transformation=False, score=True, verbose=True)
2022-04-22 18:26:50,497:INFO:Checking exceptions
2022-04-22 18:26:50,497:INFO:Determining Trained Model
2022-04-22 18:26:50,497:INFO:Trained Model : Isolation Forest
2022-04-22 18:26:50,498:INFO:Copying data
2022-04-22 18:26:50,498:INFO:(261, 5)
2022-04-22 18:26:50,499:INFO:assign_model() succesfully completed......................................
2022-04-22 18:27:46,646:INFO:PyCaret Supervised Module
2022-04-22 18:27:46,646:INFO:ML Usecase: anomaly
2022-04-22 18:27:46,646:INFO:version 2.3.10
2022-04-22 18:27:46,646:INFO:Initializing setup()
2022-04-22 18:27:46,646:INFO:setup(target=None, ml_usecase=anomaly, available_plots={'tsne': 'Anomaly TSnE (3d)', 'umap': 'UMAP Dimensionality'}, train_size=0.7, test_data=None, preprocess=True, imputation_type=simple, iterative_imputation_iters=5, categorical_features=None, categorical_imputation=mode, categorical_iterative_imputer=lightgbm, ordinal_features=None, high_cardinality_features=None, high_cardinality_method=frequency, numeric_features=None, numeric_imputation=mean, numeric_iterative_imputer=lightgbm, date_features=None, ignore_features=None, normalize=False, normalize_method=zscore, transformation=False, transformation_method=yeo-johnson, handle_unknown_categorical=True, unknown_categorical_method=least_frequent, pca=False, pca_method=linear, pca_components=None, ignore_low_variance=False, combine_rare_levels=False, rare_level_threshold=0.1, bin_numeric_features=None, remove_outliers=False, outliers_threshold=0.05, remove_multicollinearity=False, multicollinearity_threshold=0.9, remove_perfect_collinearity=False, create_clusters=False, cluster_iter=20, polynomial_features=False, polynomial_degree=2, trigonometry_features=False, polynomial_threshold=0.1, group_features=None, group_names=None, feature_selection=False, feature_selection_threshold=0.8, feature_selection_method=classic, feature_interaction=False, feature_ratio=False, interaction_threshold=0.01, fix_imbalance=False, fix_imbalance_method=None, transform_target=False, transform_target_method=box-cox, data_split_shuffle=False, data_split_stratify=False, fold_strategy=kfold, fold=10, fold_shuffle=False, fold_groups=None, n_jobs=-1, use_gpu=False, custom_pipeline=None, html=True, session_id=123, log_experiment=False, experiment_name=None, experiment_custom_tags=None, log_plots=False, log_profile=False, log_data=False, silent=False, verbose=True, profile=False, profile_kwargs=None, display=None)
2022-04-22 18:27:46,647:INFO:Checking environment
2022-04-22 18:27:46,647:INFO:python_version: 3.7.10
2022-04-22 18:27:46,647:INFO:python_build: ('default', 'Feb 26 2021 10:16:00')
2022-04-22 18:27:46,647:INFO:machine: x86_64
2022-04-22 18:27:46,647:INFO:platform: Darwin-21.3.0-x86_64-i386-64bit
2022-04-22 18:27:46,647:INFO:Memory: svmem(total=34359738368, available=14132301824, percent=58.9, used=18922967040, free=184594432, active=13940723712, inactive=13767655424, wired=4982243328)
2022-04-22 18:27:46,647:INFO:Physical Core: 4
2022-04-22 18:27:46,648:INFO:Logical Core: 8
2022-04-22 18:27:46,648:INFO:Checking libraries
2022-04-22 18:27:46,648:INFO:pd==1.3.5
2022-04-22 18:27:46,648:INFO:numpy==1.21.5
2022-04-22 18:27:46,648:INFO:sklearn==0.23.2
2022-04-22 18:27:46,648:INFO:lightgbm==3.3.2
2022-04-22 18:27:46,649:WARNING:catboost not found
2022-04-22 18:27:46,650:WARNING:xgboost not found
2022-04-22 18:27:46,650:INFO:mlflow==1.25.1
2022-04-22 18:27:46,650:INFO:Checking Exceptions
2022-04-22 18:27:46,650:INFO:Declaring global variables
2022-04-22 18:27:46,650:INFO:USI: 9de8
2022-04-22 18:27:46,650:INFO:pycaret_globals: {'html_param', 'n_jobs_param', '_all_models', 'fold_shuffle_param', 'log_plots_param', 'fold_param', 'master_model_container', 'fix_imbalance_method_param', '_ml_usecase', 'stratify_param', 'transform_target_method_param', 'dashboard_logger', 'seed', 'create_model_container', 'pycaret_globals', '_all_metrics', 'logging_param', '_gpu_n_jobs_param', 'gpu_param', 'fold_generator', 'fold_groups_param_full', 'fold_groups_param', 'transform_target_param', 'USI', 'target_param', '_available_plots', 'fix_imbalance_param', 'experiment__', '_all_models_internal', 'data_before_preprocess', 'imputation_regressor', 'X', '_internal_pipeline', 'prep_pipe', 'exp_name_log', 'imputation_classifier', 'iterative_imputation_iters_param', 'display_container'}
2022-04-22 18:27:46,650:INFO:Preparing display monitor
2022-04-22 18:27:46,650:INFO:Preparing display monitor
2022-04-22 18:27:46,665:INFO:Importing libraries
2022-04-22 18:27:46,665:INFO:Copying data for preprocessing
2022-04-22 18:27:46,677:INFO:Declaring preprocessing parameters
2022-04-22 18:27:46,680:INFO:Creating preprocessing pipeline
2022-04-22 18:27:46,688:INFO:Preprocessing pipeline created successfully
2022-04-22 18:27:46,689:ERROR:(Process Exit): setup has been interupted with user command 'quit'. setup must rerun.
2022-04-22 18:27:46,689:INFO:Creating global containers
2022-04-22 18:27:46,689:INFO:Internal pipeline: Pipeline(memory=None, steps=[('empty_step', 'passthrough')], verbose=False)
2022-04-22 18:27:48,004:INFO:Creating grid variables
2022-04-22 18:27:48,017:INFO:create_model_container: 0
2022-04-22 18:27:48,018:INFO:master_model_container: 0
2022-04-22 18:27:48,018:INFO:display_container: 1
2022-04-22 18:27:48,024:INFO:Pipeline(memory=None,
         steps=[('dtypes',
                 DataTypes_Auto_infer(categorical_features=[],
                                      display_types=True, features_todrop=[],
                                      id_columns=[], ml_usecase='regression',
                                      numerical_features=[],
                                      target='UNSUPERVISED_DUMMY_TARGET',
                                      time_features=[])),
                ('imputer',
                 Simple_Imputer(categorical_strategy='most frequent',
                                fill_value_categorical=None,
                                fill_value_numerical=None...
                ('scaling', 'passthrough'), ('P_transform', 'passthrough'),
                ('binn', 'passthrough'), ('rem_outliers', 'passthrough'),
                ('cluster_all', 'passthrough'),
                ('dummy', Dummify(target='UNSUPERVISED_DUMMY_TARGET')),
                ('fix_perfect', 'passthrough'),
                ('clean_names', Clean_Colum_Names()),
                ('feature_select', 'passthrough'), ('fix_multi', 'passthrough'),
                ('dfs', 'passthrough'), ('pca', 'passthrough')],
         verbose=False)
2022-04-22 18:27:48,024:INFO:setup() succesfully completed......................................
2022-04-22 18:27:48,133:INFO:Initializing create_model()
2022-04-22 18:27:48,133:INFO:create_model(estimator=iforest, num_clusters=4, fraction=0.001, ground_truth=None, round=4, fit_kwargs=None, verbose=True, system=True, add_to_model_list=True, raise_num_clusters=False, experiment_custom_tags=None, display=None, kwargs={})
2022-04-22 18:27:48,133:INFO:Checking exceptions
2022-04-22 18:27:48,133:INFO:Preparing display monitor
2022-04-22 18:27:48,146:INFO:Importing libraries
2022-04-22 18:27:48,160:INFO:Importing untrained model
2022-04-22 18:27:48,171:INFO:Isolation Forest Imported succesfully
2022-04-22 18:27:48,182:INFO:Fitting Model
2022-04-22 18:27:49,767:INFO:IForest(behaviour='new', bootstrap=False, contamination=0.001,
    max_features=1.0, max_samples='auto', n_estimators=100, n_jobs=-1,
    random_state=123, verbose=0)
2022-04-22 18:27:49,768:INFO:create_models() succesfully completed......................................
2022-04-22 18:27:49,769:INFO:Uploading results into container
2022-04-22 18:27:49,770:INFO:Uploading model into container now
2022-04-22 18:27:49,771:INFO:create_model_container: 1
2022-04-22 18:27:49,771:INFO:master_model_container: 1
2022-04-22 18:27:49,771:INFO:display_container: 2
2022-04-22 18:27:49,772:INFO:IForest(behaviour='new', bootstrap=False, contamination=0.001,
    max_features=1.0, max_samples='auto', n_estimators=100, n_jobs=-1,
    random_state=123, verbose=0)
2022-04-22 18:27:49,772:INFO:create_model() succesfully completed......................................
2022-04-22 18:27:49,864:INFO:Initializing assign_model()
2022-04-22 18:27:49,864:INFO:assign_model(model=IForest(behaviour='new', bootstrap=False, contamination=0.001,
    max_features=1.0, max_samples='auto', n_estimators=100, n_jobs=-1,
    random_state=123, verbose=0), transformation=False, score=True, verbose=True)
2022-04-22 18:27:49,864:INFO:Checking exceptions
2022-04-22 18:27:49,865:INFO:Determining Trained Model
2022-04-22 18:27:49,865:INFO:Trained Model : Isolation Forest
2022-04-22 18:27:49,865:INFO:Copying data
2022-04-22 18:27:49,866:INFO:(261, 5)
2022-04-22 18:27:49,866:INFO:assign_model() succesfully completed......................................
2022-04-22 18:29:19,129:INFO:PyCaret Supervised Module
2022-04-22 18:29:19,129:INFO:ML Usecase: anomaly
2022-04-22 18:29:19,129:INFO:version 2.3.10
2022-04-22 18:29:19,130:INFO:Initializing setup()
2022-04-22 18:29:19,130:INFO:setup(target=None, ml_usecase=anomaly, available_plots={'tsne': 'Anomaly TSnE (3d)', 'umap': 'UMAP Dimensionality'}, train_size=0.7, test_data=None, preprocess=True, imputation_type=simple, iterative_imputation_iters=5, categorical_features=None, categorical_imputation=mode, categorical_iterative_imputer=lightgbm, ordinal_features=None, high_cardinality_features=None, high_cardinality_method=frequency, numeric_features=None, numeric_imputation=mean, numeric_iterative_imputer=lightgbm, date_features=None, ignore_features=None, normalize=False, normalize_method=zscore, transformation=False, transformation_method=yeo-johnson, handle_unknown_categorical=True, unknown_categorical_method=least_frequent, pca=False, pca_method=linear, pca_components=None, ignore_low_variance=False, combine_rare_levels=False, rare_level_threshold=0.1, bin_numeric_features=None, remove_outliers=False, outliers_threshold=0.05, remove_multicollinearity=False, multicollinearity_threshold=0.9, remove_perfect_collinearity=False, create_clusters=False, cluster_iter=20, polynomial_features=False, polynomial_degree=2, trigonometry_features=False, polynomial_threshold=0.1, group_features=None, group_names=None, feature_selection=False, feature_selection_threshold=0.8, feature_selection_method=classic, feature_interaction=False, feature_ratio=False, interaction_threshold=0.01, fix_imbalance=False, fix_imbalance_method=None, transform_target=False, transform_target_method=box-cox, data_split_shuffle=False, data_split_stratify=False, fold_strategy=kfold, fold=10, fold_shuffle=False, fold_groups=None, n_jobs=-1, use_gpu=False, custom_pipeline=None, html=True, session_id=123, log_experiment=False, experiment_name=None, experiment_custom_tags=None, log_plots=False, log_profile=False, log_data=False, silent=False, verbose=True, profile=False, profile_kwargs=None, display=None)
2022-04-22 18:29:19,130:INFO:Checking environment
2022-04-22 18:29:19,130:INFO:python_version: 3.7.10
2022-04-22 18:29:19,130:INFO:python_build: ('default', 'Feb 26 2021 10:16:00')
2022-04-22 18:29:19,130:INFO:machine: x86_64
2022-04-22 18:29:19,131:INFO:platform: Darwin-21.3.0-x86_64-i386-64bit
2022-04-22 18:29:19,131:INFO:Memory: svmem(total=34359738368, available=14106390528, percent=58.9, used=18947653632, free=142995456, active=13965950976, inactive=13781049344, wired=4981702656)
2022-04-22 18:29:19,131:INFO:Physical Core: 4
2022-04-22 18:29:19,131:INFO:Logical Core: 8
2022-04-22 18:29:19,131:INFO:Checking libraries
2022-04-22 18:29:19,131:INFO:pd==1.3.5
2022-04-22 18:29:19,131:INFO:numpy==1.21.5
2022-04-22 18:29:19,131:INFO:sklearn==0.23.2
2022-04-22 18:29:19,131:INFO:lightgbm==3.3.2
2022-04-22 18:29:19,131:WARNING:catboost not found
2022-04-22 18:29:19,132:WARNING:xgboost not found
2022-04-22 18:29:19,132:INFO:mlflow==1.25.1
2022-04-22 18:29:19,132:INFO:Checking Exceptions
2022-04-22 18:29:19,132:INFO:Declaring global variables
2022-04-22 18:29:19,133:INFO:USI: 2ef3
2022-04-22 18:29:19,133:INFO:pycaret_globals: {'html_param', 'n_jobs_param', '_all_models', 'fold_shuffle_param', 'log_plots_param', 'fold_param', 'master_model_container', 'fix_imbalance_method_param', '_ml_usecase', 'stratify_param', 'transform_target_method_param', 'dashboard_logger', 'seed', 'create_model_container', 'pycaret_globals', '_all_metrics', 'logging_param', '_gpu_n_jobs_param', 'gpu_param', 'fold_generator', 'fold_groups_param_full', 'fold_groups_param', 'transform_target_param', 'USI', 'target_param', '_available_plots', 'fix_imbalance_param', 'experiment__', '_all_models_internal', 'data_before_preprocess', 'imputation_regressor', 'X', '_internal_pipeline', 'prep_pipe', 'exp_name_log', 'imputation_classifier', 'iterative_imputation_iters_param', 'display_container'}
2022-04-22 18:29:19,133:INFO:Preparing display monitor
2022-04-22 18:29:19,133:INFO:Preparing display monitor
2022-04-22 18:29:19,147:INFO:Importing libraries
2022-04-22 18:29:19,147:INFO:Copying data for preprocessing
2022-04-22 18:29:19,155:INFO:Declaring preprocessing parameters
2022-04-22 18:29:19,158:INFO:Creating preprocessing pipeline
2022-04-22 18:29:19,164:INFO:Preprocessing pipeline created successfully
2022-04-22 18:29:19,164:ERROR:(Process Exit): setup has been interupted with user command 'quit'. setup must rerun.
2022-04-22 18:29:19,165:INFO:Creating global containers
2022-04-22 18:29:19,165:INFO:Internal pipeline: Pipeline(memory=None, steps=[('empty_step', 'passthrough')], verbose=False)
2022-04-22 18:29:20,014:INFO:Creating grid variables
2022-04-22 18:29:20,025:INFO:create_model_container: 0
2022-04-22 18:29:20,025:INFO:master_model_container: 0
2022-04-22 18:29:20,026:INFO:display_container: 1
2022-04-22 18:29:20,031:INFO:Pipeline(memory=None,
         steps=[('dtypes',
                 DataTypes_Auto_infer(categorical_features=[],
                                      display_types=True, features_todrop=[],
                                      id_columns=[], ml_usecase='regression',
                                      numerical_features=[],
                                      target='UNSUPERVISED_DUMMY_TARGET',
                                      time_features=[])),
                ('imputer',
                 Simple_Imputer(categorical_strategy='most frequent',
                                fill_value_categorical=None,
                                fill_value_numerical=None...
                ('scaling', 'passthrough'), ('P_transform', 'passthrough'),
                ('binn', 'passthrough'), ('rem_outliers', 'passthrough'),
                ('cluster_all', 'passthrough'),
                ('dummy', Dummify(target='UNSUPERVISED_DUMMY_TARGET')),
                ('fix_perfect', 'passthrough'),
                ('clean_names', Clean_Colum_Names()),
                ('feature_select', 'passthrough'), ('fix_multi', 'passthrough'),
                ('dfs', 'passthrough'), ('pca', 'passthrough')],
         verbose=False)
2022-04-22 18:29:20,031:INFO:setup() succesfully completed......................................
2022-04-22 18:29:20,133:INFO:Initializing create_model()
2022-04-22 18:29:20,134:INFO:create_model(estimator=iforest, num_clusters=4, fraction=0.001, ground_truth=None, round=4, fit_kwargs=None, verbose=True, system=True, add_to_model_list=True, raise_num_clusters=False, experiment_custom_tags=None, display=None, kwargs={})
2022-04-22 18:29:20,134:INFO:Checking exceptions
2022-04-22 18:29:20,134:INFO:Preparing display monitor
2022-04-22 18:29:20,152:INFO:Importing libraries
2022-04-22 18:29:20,163:INFO:Importing untrained model
2022-04-22 18:29:20,176:INFO:Isolation Forest Imported succesfully
2022-04-22 18:29:20,186:INFO:Fitting Model
2022-04-22 18:29:21,763:INFO:IForest(behaviour='new', bootstrap=False, contamination=0.001,
    max_features=1.0, max_samples='auto', n_estimators=100, n_jobs=-1,
    random_state=123, verbose=0)
2022-04-22 18:29:21,764:INFO:create_models() succesfully completed......................................
2022-04-22 18:29:21,765:INFO:Uploading results into container
2022-04-22 18:29:21,766:INFO:Uploading model into container now
2022-04-22 18:29:21,768:INFO:create_model_container: 1
2022-04-22 18:29:21,769:INFO:master_model_container: 1
2022-04-22 18:29:21,769:INFO:display_container: 2
2022-04-22 18:29:21,769:INFO:IForest(behaviour='new', bootstrap=False, contamination=0.001,
    max_features=1.0, max_samples='auto', n_estimators=100, n_jobs=-1,
    random_state=123, verbose=0)
2022-04-22 18:29:21,769:INFO:create_model() succesfully completed......................................
2022-04-22 18:29:21,872:INFO:Initializing assign_model()
2022-04-22 18:29:21,872:INFO:assign_model(model=IForest(behaviour='new', bootstrap=False, contamination=0.001,
    max_features=1.0, max_samples='auto', n_estimators=100, n_jobs=-1,
    random_state=123, verbose=0), transformation=False, score=True, verbose=True)
2022-04-22 18:29:21,872:INFO:Checking exceptions
2022-04-22 18:29:21,872:INFO:Determining Trained Model
2022-04-22 18:29:21,872:INFO:Trained Model : Isolation Forest
2022-04-22 18:29:21,872:INFO:Copying data
2022-04-22 18:29:21,873:INFO:(261, 5)
2022-04-22 18:29:21,873:INFO:assign_model() succesfully completed......................................
